#
# A fatal error has been detected by the Java Runtime Environment:
#
#  EXCEPTION_ACCESS_VIOLATION (0xc0000005) at pc=0x00007ffeffa09eeb, pid=15336, tid=3592
#
# JRE version: Java(TM) SE Runtime Environment (12.0.1+12) (build 12.0.1+12)
# Java VM: Java HotSpot(TM) 64-Bit Server VM (12.0.1+12, mixed mode, sharing, tiered, compressed oops, g1 gc, windows-amd64)
# Problematic frame:
# V  [jvm.dll+0x699eeb]
#
# No core dump will be written. Minidumps are not enabled by default on client versions of Windows
#
# If you would like to submit a bug report, please visit:
#   http://bugreport.java.com/bugreport/crash.jsp
#

---------------  S U M M A R Y ------------

Command Line: -agentlib:jdwp=transport=dt_socket,suspend=y,address=localhost:50405 -ea -Dfile.encoding=Cp1252 org.testng.remote.RemoteTestNG -serport 50401 -protocol json -d C:\Users\gresetty\git\ErrorProne\SampleProject\test-output C:\Users\gresetty\AppData\Local\Temp\testng-eclipse--38875127\testng-customsuite.xml

Host: 12th Gen Intel(R) Core(TM) i5-1245U, 12 cores, 15G,  Windows 10 , 64 bit Build 22621 (10.0.22621.3672)
Time: Wed Aug 28 11:48:01 2024 India Standard Time elapsed time: 77 seconds (0d 0h 1m 17s)

---------------  T H R E A D  ---------------

Current thread (0x0000025b8bed1000):  JavaThread "main" [_thread_in_vm, id=3592, stack(0x000000b4ed700000,0x000000b4ed800000)]

Stack: [0x000000b4ed700000,0x000000b4ed800000],  sp=0x000000b4ed7f9ec0,  free space=999k
Native frames: (J=compiled Java code, j=interpreted, Vv=VM code, C=native code)
V  [jvm.dll+0x699eeb]
V  [jvm.dll+0x3a2013]
V  [jvm.dll+0x534629]
V  [jvm.dll+0x3a5736]
V  [jvm.dll+0x6cab35]
V  [jvm.dll+0x6ca472]
V  [jvm.dll+0x42c7a6]
C  0x0000025b944b5d16

Java frames: (J=compiled Java code, j=interpreted, Vv=VM code)
j  java.lang.StackStreamFactory$AbstractStackWalker.fetchStackFrames(JJII[Ljava/lang/Object;)I+0 java.base@12.0.1
j  java.lang.StackStreamFactory$AbstractStackWalker.fetchStackFrames(I)I+35 java.base@12.0.1
j  java.lang.StackStreamFactory$AbstractStackWalker.getNextBatch()I+61 java.base@12.0.1
j  java.lang.StackStreamFactory$AbstractStackWalker.peekFrame()Ljava/lang/Class;+32 java.base@12.0.1
j  java.lang.StackStreamFactory$AbstractStackWalker.hasNext()Z+1 java.base@12.0.1
j  java.lang.StackStreamFactory$StackFrameTraverser.tryAdvance(Ljava/util/function/Consumer;)Z+16 java.base@12.0.1
j  java.util.stream.ReferencePipeline.forEachWithCancel(Ljava/util/Spliterator;Ljava/util/stream/Sink;)Z+13 java.base@12.0.1
j  java.util.stream.AbstractPipeline.copyIntoWithCancel(Ljava/util/stream/Sink;Ljava/util/Spliterator;)Z+32 java.base@12.0.1
J 2277 c1 java.util.stream.AbstractPipeline.copyInto(Ljava/util/stream/Sink;Ljava/util/Spliterator;)V java.base@12.0.1 (54 bytes) @ 0x0000025b94a88114 [0x0000025b94a87be0+0x0000000000000534]
J 2275 c1 java.util.stream.AbstractPipeline.wrapAndCopyInto(Ljava/util/stream/Sink;Ljava/util/Spliterator;)Ljava/util/stream/Sink; java.base@12.0.1 (18 bytes) @ 0x0000025b94a8460c [0x0000025b94a843a0+0x000000000000026c]
j  java.util.stream.FindOps$FindOp.evaluateSequential(Ljava/util/stream/PipelineHelper;Ljava/util/Spliterator;)Ljava/lang/Object;+14 java.base@12.0.1
j  java.util.stream.AbstractPipeline.evaluate(Ljava/util/stream/TerminalOp;)Ljava/lang/Object;+88 java.base@12.0.1
j  java.util.stream.ReferencePipeline.findFirst()Ljava/util/Optional;+5 java.base@12.0.1
j  org.apache.logging.log4j.util.StackLocator.lambda$calcLocation$15(Ljava/lang/String;Ljava/util/stream/Stream;)Ljava/util/Optional;+23
j  org.apache.logging.log4j.util.StackLocator$$Lambda$369.apply(Ljava/lang/Object;)Ljava/lang/Object;+8
j  java.lang.StackStreamFactory$StackFrameTraverser.consumeFrames()Ljava/lang/Object;+25 java.base@12.0.1
j  java.lang.StackStreamFactory$AbstractStackWalker.doStackWalk(JIIII)Ljava/lang/Object;+78 java.base@12.0.1
v  ~StubRoutines::call_stub
j  java.lang.StackStreamFactory$AbstractStackWalker.callStackWalk(JIII[Ljava/lang/Object;)Ljava/lang/Object;+0 java.base@12.0.1
j  java.lang.StackStreamFactory$AbstractStackWalker.beginStackWalk()Ljava/lang/Object;+31 java.base@12.0.1
j  java.lang.StackStreamFactory$AbstractStackWalker.walk()Ljava/lang/Object;+8 java.base@12.0.1
j  java.lang.StackWalker.walk(Ljava/util/function/Function;)Ljava/lang/Object;+10 java.base@12.0.1
j  org.apache.logging.log4j.util.StackLocator.calcLocation(Ljava/lang/String;)Ljava/lang/StackTraceElement;+9
j  org.apache.logging.log4j.util.StackLocatorUtil.calcLocation(Ljava/lang/String;)Ljava/lang/StackTraceElement;+4
j  org.apache.logging.log4j.spi.AbstractLogger.getLocation(Ljava/lang/String;)Ljava/lang/StackTraceElement;+8
j  org.apache.logging.log4j.spi.AbstractLogger.logMessageTrackRecursion(Ljava/lang/String;Lorg/apache/logging/log4j/Level;Lorg/apache/logging/log4j/Marker;Lorg/apache/logging/log4j/message/Message;Ljava/lang/Throwable;)V+7
j  org.apache.logging.log4j.spi.AbstractLogger.logMessageSafely(Ljava/lang/String;Lorg/apache/logging/log4j/Level;Lorg/apache/logging/log4j/Marker;Lorg/apache/logging/log4j/message/Message;Ljava/lang/Throwable;)V+8
j  org.apache.logging.log4j.spi.AbstractLogger.logMessage(Ljava/lang/String;Lorg/apache/logging/log4j/Level;Lorg/apache/logging/log4j/Marker;Ljava/lang/String;Ljava/lang/Throwable;)V+17
j  org.apache.logging.log4j.spi.AbstractLogger.logIfEnabled(Ljava/lang/String;Lorg/apache/logging/log4j/Level;Lorg/apache/logging/log4j/Marker;Ljava/lang/String;Ljava/lang/Throwable;)V+21
j  org.apache.logging.log4j.spi.AbstractLogger.info(Ljava/lang/String;)V+13
j  utilities.Reporting.logPass(Ljava/lang/String;Ljava/lang/String;)V+267
j  testCases.Step_IN_UI.TC_UI_Launch_IndianExpress()V+19
v  ~StubRoutines::call_stub
j  jdk.internal.reflect.NativeMethodAccessorImpl.invoke0(Ljava/lang/reflect/Method;Ljava/lang/Object;[Ljava/lang/Object;)Ljava/lang/Object;+0 java.base@12.0.1
j  jdk.internal.reflect.NativeMethodAccessorImpl.invoke(Ljava/lang/Object;[Ljava/lang/Object;)Ljava/lang/Object;+100 java.base@12.0.1
j  jdk.internal.reflect.DelegatingMethodAccessorImpl.invoke(Ljava/lang/Object;[Ljava/lang/Object;)Ljava/lang/Object;+6 java.base@12.0.1
j  java.lang.reflect.Method.invoke(Ljava/lang/Object;[Ljava/lang/Object;)Ljava/lang/Object;+59 java.base@12.0.1
j  org.testng.internal.MethodInvocationHelper.invokeMethod(Ljava/lang/reflect/Method;Ljava/lang/Object;[Ljava/lang/Object;)Ljava/lang/Object;+242
j  org.testng.internal.Invoker.invokeMethod([Ljava/lang/Object;ILorg/testng/ITestNGMethod;[Ljava/lang/Object;ILorg/testng/xml/XmlSuite;Ljava/util/Map;Lorg/testng/ITestClass;[Lorg/testng/ITestNGMethod;[Lorg/testng/ITestNGMethod;Lorg/testng/internal/ConfigurationGroupMethods;)Lorg/testng/ITestResult;+292
j  org.testng.internal.Invoker.invokeTestMethod([Ljava/lang/Object;Lorg/testng/ITestNGMethod;[Ljava/lang/Object;ILorg/testng/xml/XmlSuite;Ljava/util/Map;Lorg/testng/ITestClass;[Lorg/testng/ITestNGMethod;[Lorg/testng/ITestNGMethod;Lorg/testng/internal/ConfigurationGroupMethods;)Ljava/util/List;+46
j  org.testng.internal.Invoker.invokeTestMethods(Lorg/testng/ITestNGMethod;[Lorg/testng/ITestNGMethod;ILorg/testng/xml/XmlSuite;Ljava/util/Map;Lorg/testng/internal/ConfigurationGroupMethods;[Ljava/lang/Object;Lorg/testng/ITestContext;)Ljava/util/List;+762
j  org.testng.internal.TestMethodWorker.invokeTestMethods(Lorg/testng/ITestNGMethod;[Ljava/lang/Object;Lorg/testng/ITestContext;)V+32
j  org.testng.internal.TestMethodWorker.run()V+60
j  org.testng.TestRunner.privateRun(Lorg/testng/xml/XmlTest;)V+355
j  org.testng.TestRunner.run()V+26
j  org.testng.SuiteRunner.runTest(Lorg/testng/TestRunner;)V+1
j  org.testng.SuiteRunner.runSequentially()V+31
j  org.testng.SuiteRunner.privateRun()V+281
j  org.testng.SuiteRunner.run()V+6
j  org.testng.SuiteRunnerWorker.runSuite(Lorg/testng/internal/SuiteRunnerMap;Lorg/testng/xml/XmlSuite;)V+89
j  org.testng.SuiteRunnerWorker.run()V+12
j  org.testng.TestNG.runSuitesSequentially(Lorg/testng/xml/XmlSuite;Lorg/testng/internal/SuiteRunnerMap;ILjava/lang/String;)V+66
j  org.testng.TestNG.runSuitesLocally()Ljava/util/List;+143
j  org.testng.TestNG.run()V+77
j  org.testng.remote.AbstractRemoteTestNG.run()V+149
j  org.testng.remote.RemoteTestNG.initAndRun(Lorg/testng/remote/IRemoteTestNG;[Ljava/lang/String;Lorg/testng/CommandLineArgs;Lorg/testng/remote/RemoteArgs;)V+184
j  org.testng.remote.RemoteTestNG.main([Ljava/lang/String;)V+201
v  ~StubRoutines::call_stub

siginfo: EXCEPTION_ACCESS_VIOLATION (0xc0000005), reading address 0x0000000000000008


Register to memory mapping:

RIP=0x00007ffeffa09eeb jvm.dll
RAX=0x0000000000000010 is an unknown value
RBX=0x0000025bb290b5b8 points into unknown readable memory: 38 be 08 10 07 00 00 00
RCX=0x000000071008be38 points into unknown readable memory: 05 00 00 00 00 00 00 00
RDX=0x0000000000000010 is an unknown value
RSP=0x000000b4ed7f9ec0 is pointing into the stack for thread: 0x0000025b8bed1000
RBP=0x000000071008be38 points into unknown readable memory: 05 00 00 00 00 00 00 00
RSI=0x0 is NULL
RDI=0x0000025b8becce00 points into unknown readable memory: 01 00 00 00 00 00 00 00
R8 =0x0 is NULL
R9 ={method} {0x0000025bb46bf9b8} 'TC_UI_Search_StepInForum' '()V' in 'testCases/Step_IN_UI'
R10=0x0000000000000003 is an unknown value
R11=0x0000000000000003 is an unknown value
R12=0x0000000000000013 is an unknown value
R13=0x000000080121cea8 is a pointer to class: 
testCases.Step_IN_UI {0x000000080121ceb0}
R14=0x000000080121cea8 is a pointer to class: 
testCases.Step_IN_UI {0x000000080121ceb0}
R15=0x0000025b8bed1000 is a thread


Registers:
RAX=0x0000000000000010, RBX=0x0000025bb290b5b8, RCX=0x000000071008be38, RDX=0x0000000000000010
RSP=0x000000b4ed7f9ec0, RBP=0x000000071008be38, RSI=0x0000000000000000, RDI=0x0000025b8becce00
R8 =0x0000000000000000, R9 =0x0000025bb46bf9b0, R10=0x0000000000000003, R11=0x0000000000000003
R12=0x0000000000000013, R13=0x000000080121cea8, R14=0x000000080121cea8, R15=0x0000025b8bed1000
RIP=0x00007ffeffa09eeb, EFLAGS=0x0000000000010206

Top of Stack: (sp=0x000000b4ed7f9ec0)
0x000000b4ed7f9ec0:   0000d214e627e555 000000000000010b
0x000000b4ed7f9ed0:   0000025b8bed1000 0000025bb078c078
0x000000b4ed7f9ee0:   0000025b8bed1000 00007ffeff712013
0x000000b4ed7f9ef0:   000000071008be38 0000025bb078c078
0x000000b4ed7f9f00:   000000b4ed7f9f40 00007ffeff5885ae
0x000000b4ed7f9f10:   0000000000000009 00007ffeff8a4629
0x000000b4ed7f9f20:   0000025bb290b5b8 0000000000000000
0x000000b4ed7f9f30:   000000b4ed7f9fa0 0000025bb078c078
0x000000b4ed7f9f40:   0000025bb078c078 0000025b8bed1000
0x000000b4ed7f9f50:   000000b4ed7fa078 0000025b8bed1000
0x000000b4ed7f9f60:   000000b4ed7fb1a0 0000000000000013
0x000000b4ed7f9f70:   0000025bb290b5a8 00007ffeff715736
0x000000b4ed7f9f80:   0000025bb290b5b0 000000071008bb40
0x000000b4ed7f9f90:   0000025b8bed1000 0000025b8bed1000
0x000000b4ed7f9fa0:   000000080121cea8 000000080121cea8
0x000000b4ed7f9fb0:   0000025bb078c078 0000025b8bed1000 

Instructions: (pc=0x00007ffeffa09eeb)
0x00007ffeffa09ecb:   2e 48 8b 48 18 e8 bb cd ce ff 48 8b f0 48 85 db
0x00007ffeffa09edb:   74 03 48 8b 2b 48 8b d0 48 8b cd e8 85 be d0 ff
0x00007ffeffa09eeb:   48 8b 46 08 4c 8b c3 48 8b d6 48 8b 48 08 48 8b
0x00007ffeffa09efb:   41 18 b9 00 80 00 00 66 09 88 3a 01 00 00 48 8b 


Stack slot to memory mapping:
stack at sp + 0 slots: 0x0000d214e627e555 is an unknown value
stack at sp + 1 slots: 0x000000000000010b is an unknown value
stack at sp + 2 slots: 0x0000025b8bed1000 is a thread
stack at sp + 3 slots: {method} {0x0000025bb078c080} 'TC_UI_Launch_IndianExpress' '()V' in 'testCases/Step_IN_UI'
stack at sp + 4 slots: 0x0000025b8bed1000 is a thread
stack at sp + 5 slots: 0x00007ffeff712013 jvm.dll
stack at sp + 6 slots: 0x000000071008be38 points into unknown readable memory: 05 00 00 00 00 00 00 00
stack at sp + 7 slots: {method} {0x0000025bb078c080} 'TC_UI_Launch_IndianExpress' '()V' in 'testCases/Step_IN_UI'


---------------  P R O C E S S  ---------------

Threads class SMR info:
_java_thread_list=0x0000025bb20736a0, length=21, elements={
0x0000025b8bed1000, 0x0000025bb0b62000, 0x0000025bb0b63800, 0x0000025bb0b80800,
0x0000025bb0b82800, 0x0000025bb0b84000, 0x0000025bb0b8c000, 0x0000025bb0b8d800,
0x0000025bb0cf4800, 0x0000025bb0cf5800, 0x0000025bb0cf9800, 0x0000025bb0d0b800,
0x0000025bb0d0c800, 0x0000025bb1b57000, 0x0000025bb297a800, 0x0000025bb2596800,
0x0000025bb2597000, 0x0000025bb2a40000, 0x0000025bb2a22000, 0x0000025bb2a23000,
0x0000025bb2a1f800
}

Java Threads: ( => current thread )
=>0x0000025b8bed1000 JavaThread "main" [_thread_in_vm, id=3592, stack(0x000000b4ed700000,0x000000b4ed800000)]
  0x0000025bb0b62000 JavaThread "Reference Handler" daemon [_thread_blocked, id=33236, stack(0x000000b4ede00000,0x000000b4edf00000)]
  0x0000025bb0b63800 JavaThread "Finalizer" daemon [_thread_blocked, id=41740, stack(0x000000b4edf00000,0x000000b4ee000000)]
  0x0000025bb0b80800 JavaThread "Signal Dispatcher" daemon [_thread_blocked, id=12720, stack(0x000000b4ee000000,0x000000b4ee100000)]
  0x0000025bb0b82800 JavaThread "Attach Listener" daemon [_thread_blocked, id=4752, stack(0x000000b4ee100000,0x000000b4ee200000)]
  0x0000025bb0b84000 JavaThread "C2 CompilerThread0" daemon [_thread_blocked, id=2156, stack(0x000000b4ee200000,0x000000b4ee300000)]
  0x0000025bb0b8c000 JavaThread "C1 CompilerThread0" daemon [_thread_blocked, id=23660, stack(0x000000b4ee300000,0x000000b4ee400000)]
  0x0000025bb0b8d800 JavaThread "Sweeper thread" daemon [_thread_blocked, id=13380, stack(0x000000b4ee400000,0x000000b4ee500000)]
  0x0000025bb0cf4800 JavaThread "JDWP Transport Listener: dt_socket" daemon [_thread_blocked, id=1756, stack(0x000000b4ee500000,0x000000b4ee600000)]
  0x0000025bb0cf5800 JavaThread "JDWP Event Helper Thread" daemon [_thread_blocked, id=23132, stack(0x000000b4ee600000,0x000000b4ee700000)]
  0x0000025bb0cf9800 JavaThread "JDWP Command Reader" daemon [_thread_in_native, id=33492, stack(0x000000b4ee700000,0x000000b4ee800000)]
  0x0000025bb0d0b800 JavaThread "Service Thread" daemon [_thread_blocked, id=47776, stack(0x000000b4ee800000,0x000000b4ee900000)]
  0x0000025bb0d0c800 JavaThread "Common-Cleaner" daemon [_thread_blocked, id=33688, stack(0x000000b4eea00000,0x000000b4eeb00000)]
  0x0000025bb1b57000 JavaThread "ReaderThread" [_thread_in_native, id=3916, stack(0x000000b4eed00000,0x000000b4eee00000)]
  0x0000025bb297a800 JavaThread "Exec Default Executor" daemon [_thread_in_native, id=43400, stack(0x000000b4ef400000,0x000000b4ef500000)]
  0x0000025bb2596800 JavaThread "Exec Stream Pumper" daemon [_thread_in_native, id=43696, stack(0x000000b4ef600000,0x000000b4ef700000)]
  0x0000025bb2597000 JavaThread "Exec Stream Pumper" daemon [_thread_in_native, id=43344, stack(0x000000b4ef700000,0x000000b4ef800000)]
  0x0000025bb2a40000 JavaThread "OkHttp ConnectionPool" daemon [_thread_blocked, id=8624, stack(0x000000b4ef900000,0x000000b4efa00000)]
  0x0000025bb2a22000 JavaThread "Okio Watchdog" daemon [_thread_blocked, id=5188, stack(0x000000b4efa00000,0x000000b4efb00000)]
  0x0000025bb2a23000 JavaThread "OkHttp ConnectionPool" daemon [_thread_blocked, id=20740, stack(0x000000b4efb00000,0x000000b4efc00000)]
  0x0000025bb2a1f800 JavaThread "OkHttp http://localhost:50447/..." [_thread_in_native, id=17168, stack(0x000000b4efc00000,0x000000b4efd00000)]

Other Threads:
  0x0000025bb02da800 VMThread "VM Thread" [stack: 0x000000b4edd00000,0x000000b4ede00000] [id=5368]
  0x0000025bb0d10000 WatcherThread [stack: 0x000000b4ee900000,0x000000b4eea00000] [id=38064]
  0x0000025b8bf35800 GCTaskThread "GC Thread#0" [stack: 0x000000b4ed800000,0x000000b4ed900000] [id=13952]
  0x0000025bb20c1000 GCTaskThread "GC Thread#1" [stack: 0x000000b4eee00000,0x000000b4eef00000] [id=1556]
  0x0000025bb1e21800 GCTaskThread "GC Thread#2" [stack: 0x000000b4eef00000,0x000000b4ef000000] [id=12484]
  0x0000025bb1e22000 GCTaskThread "GC Thread#3" [stack: 0x000000b4ef000000,0x000000b4ef100000] [id=32788]
  0x0000025bb1fdc800 GCTaskThread "GC Thread#4" [stack: 0x000000b4ef100000,0x000000b4ef200000] [id=42344]
  0x0000025bb1fdd000 GCTaskThread "GC Thread#5" [stack: 0x000000b4ef200000,0x000000b4ef300000] [id=7948]
  0x0000025b8bf4e800 ConcurrentGCThread "G1 Main Marker" [stack: 0x000000b4ed900000,0x000000b4eda00000] [id=5316]
  0x0000025b8bf50800 ConcurrentGCThread "G1 Conc#0" [stack: 0x000000b4eda00000,0x000000b4edb00000] [id=44972]
  0x0000025bb2067000 ConcurrentGCThread "G1 Conc#1" [stack: 0x000000b4ef300000,0x000000b4ef400000] [id=29336]
  0x0000025bb2055000 ConcurrentGCThread "G1 Conc#2" [stack: 0x000000b4ef800000,0x000000b4ef900000] [id=47704]
  0x0000025bb01d8000 ConcurrentGCThread "G1 Refine#0" [stack: 0x000000b4edb00000,0x000000b4edc00000] [id=37976]
  0x0000025bb01d9000 ConcurrentGCThread "G1 Young RemSet Sampling" [stack: 0x000000b4edc00000,0x000000b4edd00000] [id=27888]

Threads with active compile tasks:

VM state:not at safepoint (normal execution)

VM Mutex/Monitor currently owned by a thread:  ([mutex/lock_event])
[0x0000025b8becce00] ResolvedMethodTable_lock - owner thread: 0x0000025b8bed1000

Heap address: 0x0000000705a00000, size: 4006 MB, Compressed Oops mode: Zero based, Oop shift amount: 3
Narrow klass base: 0x0000000800000000, Narrow klass shift: 3
Compressed class space size: 1073741824 Address: 0x00000008011a0000

Heap:
 garbage-first heap   total 51200K, used 16509K [0x0000000705a00000, 0x0000000800000000)
  region size 1024K, 5 young (5120K), 2 survivors (2048K)
 Metaspace       used 21933K, capacity 22667K, committed 22784K, reserved 1069056K
  class space    used 2695K, capacity 2958K, committed 3072K, reserved 1048576K
Heap Regions: E=young(eden), S=young(survivor), O=old, HS=humongous(starts), HC=humongous(continues), CS=collection set, F=free, A=archive, TAMS=top-at-mark-start (previous, next)
|   0|0x0000000705a00000, 0x0000000705b00000, 0x0000000705b00000|100%|HS|  |TAMS 0x0000000705b00000, 0x0000000705a00000| Complete 
|   1|0x0000000705b00000, 0x0000000705c00000, 0x0000000705c00000|100%| O|  |TAMS 0x0000000705c00000, 0x0000000705b00000| Untracked 
|   2|0x0000000705c00000, 0x0000000705d00000, 0x0000000705d00000|100%| O|  |TAMS 0x0000000705d00000, 0x0000000705c00000| Untracked 
|   3|0x0000000705d00000, 0x0000000705e00000, 0x0000000705e00000|100%| O|  |TAMS 0x0000000705e00000, 0x0000000705d00000| Untracked 
|   4|0x0000000705e00000, 0x0000000705f00000, 0x0000000705f00000|100%| O|  |TAMS 0x0000000705f00000, 0x0000000705e00000| Untracked 
|   5|0x0000000705f00000, 0x0000000705f62a00, 0x0000000706000000| 38%| O|  |TAMS 0x0000000705f62a00, 0x0000000705f00000| Untracked 
|   6|0x0000000706000000, 0x0000000706100000, 0x0000000706100000|100%| O|  |TAMS 0x0000000706000000, 0x0000000706000000| Untracked 
|   7|0x0000000706100000, 0x0000000706200000, 0x0000000706200000|100%| O|  |TAMS 0x0000000706100000, 0x0000000706100000| Untracked 
|   8|0x0000000706200000, 0x0000000706300000, 0x0000000706300000|100%| O|  |TAMS 0x0000000706200000, 0x0000000706200000| Untracked 
|   9|0x0000000706300000, 0x0000000706400000, 0x0000000706400000|100%| O|  |TAMS 0x0000000706300000, 0x0000000706300000| Untracked 
|  10|0x0000000706400000, 0x0000000706500000, 0x0000000706500000|100%| O|  |TAMS 0x0000000706400000, 0x0000000706400000| Untracked 
|  11|0x0000000706500000, 0x0000000706600000, 0x0000000706600000|100%| O|  |TAMS 0x0000000706500000, 0x0000000706500000| Untracked 
|  12|0x0000000706600000, 0x0000000706700000, 0x0000000706700000|100%| O|  |TAMS 0x0000000706600000, 0x0000000706600000| Untracked 
|  13|0x0000000706700000, 0x000000070675e200, 0x0000000706800000| 36%| O|  |TAMS 0x0000000706700000, 0x0000000706700000| Untracked 
|  14|0x0000000706800000, 0x0000000706800000, 0x0000000706900000|  0%| F|  |TAMS 0x0000000706800000, 0x0000000706800000| Untracked 
|  15|0x0000000706900000, 0x0000000706900000, 0x0000000706a00000|  0%| F|  |TAMS 0x0000000706900000, 0x0000000706900000| Untracked 
|  16|0x0000000706a00000, 0x0000000706a00000, 0x0000000706b00000|  0%| F|  |TAMS 0x0000000706a00000, 0x0000000706a00000| Untracked 
|  17|0x0000000706b00000, 0x0000000706b00000, 0x0000000706c00000|  0%| F|  |TAMS 0x0000000706b00000, 0x0000000706b00000| Untracked 
|  18|0x0000000706c00000, 0x0000000706c00000, 0x0000000706d00000|  0%| F|  |TAMS 0x0000000706c00000, 0x0000000706c00000| Untracked 
|  19|0x0000000706d00000, 0x0000000706d00000, 0x0000000706e00000|  0%| F|  |TAMS 0x0000000706d00000, 0x0000000706d00000| Untracked 
|  20|0x0000000706e00000, 0x0000000706e00000, 0x0000000706f00000|  0%| F|  |TAMS 0x0000000706e00000, 0x0000000706e00000| Untracked 
|  21|0x0000000706f00000, 0x0000000706f00000, 0x0000000707000000|  0%| F|  |TAMS 0x0000000706f00000, 0x0000000706f00000| Untracked 
|  22|0x0000000707000000, 0x0000000707000000, 0x0000000707100000|  0%| F|  |TAMS 0x0000000707000000, 0x0000000707000000| Untracked 
|  23|0x0000000707100000, 0x0000000707100000, 0x0000000707200000|  0%| F|  |TAMS 0x0000000707100000, 0x0000000707100000| Untracked 
|  24|0x0000000707200000, 0x0000000707200000, 0x0000000707300000|  0%| F|  |TAMS 0x0000000707200000, 0x0000000707200000| Untracked 
|  25|0x0000000707300000, 0x0000000707300000, 0x0000000707400000|  0%| F|  |TAMS 0x0000000707300000, 0x0000000707300000| Untracked 
|  26|0x0000000707400000, 0x0000000707400000, 0x0000000707500000|  0%| F|  |TAMS 0x0000000707400000, 0x0000000707400000| Untracked 
|  27|0x0000000707500000, 0x0000000707500000, 0x0000000707600000|  0%| F|  |TAMS 0x0000000707500000, 0x0000000707500000| Untracked 
|  28|0x0000000707600000, 0x0000000707600000, 0x0000000707700000|  0%| F|  |TAMS 0x0000000707600000, 0x0000000707600000| Untracked 
|  29|0x0000000707700000, 0x0000000707700000, 0x0000000707800000|  0%| F|  |TAMS 0x0000000707700000, 0x0000000707700000| Untracked 
|  30|0x0000000707800000, 0x000000070785ea20, 0x0000000707900000| 36%| S|CS|TAMS 0x0000000707800000, 0x0000000707800000| Complete 
|  31|0x0000000707900000, 0x0000000707a00000, 0x0000000707a00000|100%| S|CS|TAMS 0x0000000707900000, 0x0000000707900000| Complete 
|  32|0x0000000707a00000, 0x0000000707a00000, 0x0000000707b00000|  0%| F|  |TAMS 0x0000000707a00000, 0x0000000707a00000| Untracked 
|  33|0x0000000707b00000, 0x0000000707b00000, 0x0000000707c00000|  0%| F|  |TAMS 0x0000000707b00000, 0x0000000707b00000| Untracked 
|  34|0x0000000707c00000, 0x0000000707c00000, 0x0000000707d00000|  0%| F|  |TAMS 0x0000000707c00000, 0x0000000707c00000| Untracked 
|  35|0x0000000707d00000, 0x0000000707d00000, 0x0000000707e00000|  0%| F|  |TAMS 0x0000000707d00000, 0x0000000707d00000| Untracked 
|  36|0x0000000707e00000, 0x0000000707e00000, 0x0000000707f00000|  0%| F|  |TAMS 0x0000000707e00000, 0x0000000707e00000| Untracked 
|  37|0x0000000707f00000, 0x0000000707f00000, 0x0000000708000000|  0%| F|  |TAMS 0x0000000707f00000, 0x0000000707f00000| Untracked 
|  38|0x0000000708000000, 0x0000000708000000, 0x0000000708100000|  0%| F|  |TAMS 0x0000000708000000, 0x0000000708000000| Untracked 
|  39|0x0000000708100000, 0x0000000708100000, 0x0000000708200000|  0%| F|  |TAMS 0x0000000708100000, 0x0000000708100000| Untracked 
|  40|0x0000000708200000, 0x0000000708200000, 0x0000000708300000|  0%| F|  |TAMS 0x0000000708200000, 0x0000000708200000| Untracked 
| 160|0x000000070fa00000, 0x000000070fa00000, 0x000000070fb00000|  0%| F|  |TAMS 0x000000070fa00000, 0x000000070fa00000| Untracked 
| 161|0x000000070fb00000, 0x000000070fb00000, 0x000000070fc00000|  0%| F|  |TAMS 0x000000070fb00000, 0x000000070fb00000| Untracked 
| 162|0x000000070fc00000, 0x000000070fc00000, 0x000000070fd00000|  0%| F|  |TAMS 0x000000070fc00000, 0x000000070fc00000| Untracked 
| 163|0x000000070fd00000, 0x000000070fd00000, 0x000000070fe00000|  0%| F|  |TAMS 0x000000070fd00000, 0x000000070fd00000| Untracked 
| 164|0x000000070fe00000, 0x000000070fe00000, 0x000000070ff00000|  0%| F|  |TAMS 0x000000070fe00000, 0x000000070fe00000| Untracked 
| 165|0x000000070ff00000, 0x000000070ff00000, 0x0000000710000000|  0%| F|  |TAMS 0x000000070ff00000, 0x000000070ff00000| Untracked 
| 166|0x0000000710000000, 0x00000007100d6c58, 0x0000000710100000| 83%| E|  |TAMS 0x0000000710000000, 0x0000000710000000| Complete 
| 167|0x0000000710100000, 0x0000000710200000, 0x0000000710200000|100%| E|CS|TAMS 0x0000000710100000, 0x0000000710100000| Complete 
| 251|0x0000000715500000, 0x0000000715600000, 0x0000000715600000|100%| E|CS|TAMS 0x0000000715500000, 0x0000000715500000| Complete 

Card table byte_map: [0x0000025ba4830000,0x0000025ba5010000] _byte_map_base: 0x0000025ba1003000

Marking Bits (Prev, Next): (CMBitMap*) 0x0000025b8bf36868, (CMBitMap*) 0x0000025b8bf36828
 Prev Bits: [0x0000025ba9690000, 0x0000025bad528000)
 Next Bits: [0x0000025ba57f0000, 0x0000025ba9688000)

Polling page: 0x0000025b8a630000

Metaspace:

Usage:
  Non-class:     19.25 MB capacity,    18.79 MB ( 98%) used,   397.90 KB (  2%) free+waste,    73.25 KB ( <1%) overhead. 
      Class:      2.89 MB capacity,     2.63 MB ( 91%) used,   225.91 KB (  8%) free+waste,    36.19 KB (  1%) overhead. 
       Both:     22.14 MB capacity,    21.42 MB ( 97%) used,   623.81 KB (  3%) free+waste,   109.44 KB ( <1%) overhead. 

Virtual space:
  Non-class space:       20.00 MB reserved,      19.25 MB ( 96%) committed 
      Class space:        1.00 GB reserved,       3.00 MB ( <1%) committed 
             Both:        1.02 GB reserved,      22.25 MB (  2%) committed 

Chunk freelists:
   Non-Class:  384 bytes
       Class:  2.25 KB
        Both:  2.63 KB

CodeHeap 'non-profiled nmethods': size=120000Kb used=1051Kb max_used=1063Kb free=118948Kb
 bounds [0x0000025b9bf70000, 0x0000025b9c1e0000, 0x0000025ba34a0000]
CodeHeap 'profiled nmethods': size=120000Kb used=4262Kb max_used=4725Kb free=115737Kb
 bounds [0x0000025b94a40000, 0x0000025b94ee0000, 0x0000025b9bf70000]
CodeHeap 'non-nmethods': size=5760Kb used=1299Kb max_used=1318Kb free=4461Kb
 bounds [0x0000025b944a0000, 0x0000025b94710000, 0x0000025b94a40000]
 total_blobs=3426 nmethods=2060 adapters=475
 compilation: enabled
              stopped_count=0, restarted_count=0
 full_count=0

Compilation events (10 events):
Event: 77.632 Thread 0x0000025bb0b8c000 2332       3       jdk.internal.org.objectweb.asm.SymbolTable::putBootstrapMethods (56 bytes)
Event: 77.632 Thread 0x0000025bb0b8c000 nmethod 2332 0x0000025b94ab4f10 code [0x0000025b94ab5120, 0x0000025b94ab54b0]
Event: 77.632 Thread 0x0000025bb0b8c000 2331       3       jdk.internal.org.objectweb.asm.FieldWriter::<init> (69 bytes)
Event: 77.633 Thread 0x0000025bb0b8c000 nmethod 2331 0x0000025b94ab8310 code [0x0000025b94ab8520, 0x0000025b94ab8990]
Event: 77.635 Thread 0x0000025bb0b8c000 2333       3       java.lang.invoke.MethodHandles$Lookup::resolveOrFail (48 bytes)
Event: 77.636 Thread 0x0000025bb0b8c000 nmethod 2333 0x0000025b94ab7410 code [0x0000025b94ab76a0, 0x0000025b94ab7f60]
Event: 77.636 Thread 0x0000025bb0b8c000 2335       3       java.util.RegularEnumSet::contains (57 bytes)
Event: 77.636 Thread 0x0000025bb0b8c000 nmethod 2335 0x0000025b94abc490 code [0x0000025b94abc680, 0x0000025b94abcb30]
Event: 77.636 Thread 0x0000025bb0b8c000 2334       3       java.lang.invoke.MethodHandles$Lookup::checkMethodName (43 bytes)
Event: 77.636 Thread 0x0000025bb0b8c000 nmethod 2334 0x0000025b94abd390 code [0x0000025b94abd620, 0x0000025b94abe050]

GC Heap History (8 events):
Event: 0.781 GC heap before
{Heap before GC invocations=0 (full 0):
 garbage-first heap   total 258048K, used 24576K [0x0000000705a00000, 0x0000000800000000)
  region size 1024K, 24 young (24576K), 0 survivors (0K)
 Metaspace       used 4946K, capacity 6031K, committed 6272K, reserved 1056768K
  class space    used 543K, capacity 607K, committed 640K, reserved 1048576K
}
Event: 0.785 GC heap after
{Heap after GC invocations=1 (full 0):
 garbage-first heap   total 258048K, used 8586K [0x0000000705a00000, 0x0000000800000000)
  region size 1024K, 3 young (3072K), 3 survivors (3072K)
 Metaspace       used 4946K, capacity 6031K, committed 6272K, reserved 1056768K
  class space    used 543K, capacity 607K, committed 640K, reserved 1048576K
}
Event: 2.166 GC heap before
{Heap before GC invocations=1 (full 0):
 garbage-first heap   total 258048K, used 90506K [0x0000000705a00000, 0x0000000800000000)
  region size 1024K, 84 young (86016K), 3 survivors (3072K)
 Metaspace       used 20541K, capacity 21198K, committed 21248K, reserved 1067008K
  class space    used 2526K, capacity 2788K, committed 2816K, reserved 1048576K
}
Event: 2.172 GC heap after
{Heap after GC invocations=2 (full 0):
 garbage-first heap   total 258048K, used 13263K [0x0000000705a00000, 0x0000000800000000)
  region size 1024K, 8 young (8192K), 8 survivors (8192K)
 Metaspace       used 20541K, capacity 21198K, committed 21248K, reserved 1067008K
  class space    used 2526K, capacity 2788K, committed 2816K, reserved 1048576K
}
Event: 77.453 GC heap before
{Heap before GC invocations=3 (full 0):
 garbage-first heap   total 51200K, used 32719K [0x0000000705a00000, 0x0000000800000000)
  region size 1024K, 28 young (28672K), 8 survivors (8192K)
 Metaspace       used 21708K, capacity 22441K, committed 22784K, reserved 1069056K
  class space    used 2669K, capacity 2946K, committed 3072K, reserved 1048576K
}
Event: 77.458 GC heap after
{Heap after GC invocations=4 (full 0):
 garbage-first heap   total 51200K, used 15106K [0x0000000705a00000, 0x0000000800000000)
  region size 1024K, 2 young (2048K), 2 survivors (2048K)
 Metaspace       used 21708K, capacity 22441K, committed 22784K, reserved 1069056K
  class space    used 2669K, capacity 2946K, committed 3072K, reserved 1048576K
}
Event: 77.608 GC heap before
{Heap before GC invocations=4 (full 0):
 garbage-first heap   total 51200K, used 32514K [0x0000000705a00000, 0x0000000800000000)
  region size 1024K, 20 young (20480K), 2 survivors (2048K)
 Metaspace       used 21846K, capacity 22633K, committed 22784K, reserved 1069056K
  class space    used 2679K, capacity 2946K, committed 3072K, reserved 1048576K
}
Event: 77.610 GC heap after
{Heap after GC invocations=5 (full 0):
 garbage-first heap   total 51200K, used 14461K [0x0000000705a00000, 0x0000000800000000)
  region size 1024K, 2 young (2048K), 2 survivors (2048K)
 Metaspace       used 21846K, capacity 22633K, committed 22784K, reserved 1069056K
  class space    used 2679K, capacity 2946K, committed 3072K, reserved 1048576K
}

Deoptimization events (10 events):
Event: 2.122 Thread 0x0000025b8bed1000 Uncommon trap: reason=unstable_if action=reinterpret pc=0x0000025b9c051c64 method=java.io.ByteArrayInputStream.read([BII)I @ 35 c2
Event: 2.139 Thread 0x0000025b8bed1000 Uncommon trap: reason=class_check action=maybe_recompile pc=0x0000025b9c063600 method=java.util.regex.Matcher.search(I)Z @ 121 c2
Event: 2.139 Thread 0x0000025b8bed1000 Uncommon trap: reason=class_check action=maybe_recompile pc=0x0000025b9c063600 method=java.util.regex.Matcher.search(I)Z @ 121 c2
Event: 2.139 Thread 0x0000025b8bed1000 Uncommon trap: reason=class_check action=maybe_recompile pc=0x0000025b9c063600 method=java.util.regex.Matcher.search(I)Z @ 121 c2
Event: 2.139 Thread 0x0000025b8bed1000 Uncommon trap: reason=class_check action=maybe_recompile pc=0x0000025b9c063600 method=java.util.regex.Matcher.search(I)Z @ 121 c2
Event: 2.189 Thread 0x0000025b8bed1000 Uncommon trap: reason=unstable_if action=reinterpret pc=0x0000025b9c074114 method=java.util.regex.Pattern$BmpCharProperty.match(Ljava/util/regex/Matcher;ILjava/lang/CharSequence;)Z @ 39 c2
Event: 2.972 Thread 0x0000025b8bed1000 Uncommon trap: reason=unstable_if action=reinterpret pc=0x0000025b9c02a0b0 method=java.lang.StringLatin1.compareToCI([B[B)I @ 68 c2
Event: 3.014 Thread 0x0000025b8bed1000 Uncommon trap: reason=bimorphic_or_optimized_type_check action=maybe_recompile pc=0x0000025b9c03e2d0 method=java.net.URL.<init>(Ljava/net/URL;Ljava/lang/String;Ljava/net/URLStreamHandler;)V @ 504 c2
Event: 3.051 Thread 0x0000025b8bed1000 Uncommon trap: reason=unstable_if action=reinterpret pc=0x0000025b9c0284c0 method=java.lang.StringLatin1.compareToCI([B[B)I @ 68 c2
Event: 77.613 Thread 0x0000025b8bed1000 Uncommon trap: reason=unstable_if action=reinterpret pc=0x0000025b9bfdf86c method=java.util.Base64$Decoder.outLength([BII)I @ 97 c2

Classes redefined (2 events):
Event: 28.216 Thread 0x0000025bb02da800 redefined class name=testCases.Step_IN_UI, count=1
Event: 34.100 Thread 0x0000025bb02da800 redefined class name=testCases.Step_IN_UI, count=2

Internal exceptions (10 events):
Event: 2.098 Thread 0x0000025b8bed1000 Exception <a 'java/lang/NoSuchMethodError'{0x0000000710953bd8}: java.lang.invoke.DirectMethodHandle$Holder.invokeVirtual(Ljava/lang/Object;Ljava/lang/Object;)F> (0x0000000710953bd8) thrown at [t:/workspace/open/src/hotspot/share/interpreter/linkResolver.c
Event: 2.099 Thread 0x0000025b8bed1000 Exception <a 'java/lang/NoSuchMethodError'{0x000000071095b6d0}: java.lang.invoke.DirectMethodHandle$Holder.invokeVirtual(Ljava/lang/Object;Ljava/lang/Object;)J> (0x000000071095b6d0) thrown at [t:/workspace/open/src/hotspot/share/interpreter/linkResolver.c
Event: 2.106 Thread 0x0000025b8bed1000 Exception <a 'java/lang/NoSuchMethodError'{0x0000000710815ca8}: java.lang.invoke.DirectMethodHandle$Holder.invokeSpecial(Ljava/lang/Object;Ljava/lang/Object;Ljava/lang/Object;Ljava/lang/Object;)V> (0x0000000710815ca8) thrown at [t:/workspace/open/src/hots
Event: 2.113 Thread 0x0000025b8bed1000 Exception <a 'java/lang/NoSuchMethodError'{0x00000007108dad80}: java.lang.invoke.DirectMethodHandle$Holder.invokeSpecial(Ljava/lang/Object;Ljava/lang/Object;Ljava/lang/Object;Ljava/lang/Object;Ljava/lang/Object;)V> (0x00000007108dad80) thrown at [t:/works
Event: 2.981 Thread 0x0000025b8bed1000 Exception <a 'java/lang/NoSuchMethodError'{0x0000000708058500}: java.lang.invoke.DirectMethodHandle$Holder.invokeSpecialIFC(Ljava/lang/Object;Ljava/lang/Object;Ljava/lang/Object;)Ljava/lang/Object;> (0x0000000708058500) thrown at [t:/workspace/open/src/ho
Event: 2.995 Thread 0x0000025b8bed1000 Exception <a 'java/lang/ClassNotFoundException'{0x00000007080e7158}: sun/util/logging/resources/spi/loggingProvider> (0x00000007080e7158) thrown at [t:/workspace/open/src/hotspot/share/classfile/systemDictionary.cpp, line 235]
Event: 3.049 Thread 0x0000025b8bed1000 Exception <a 'java/net/SocketTimeoutException'{0x0000000707eb1840}: Read timed out> (0x0000000707eb1840) thrown at [t:/workspace/open/src/hotspot/share/prims/jni.cpp, line 636]
Event: 3.065 Thread 0x0000025b8bed1000 Exception <a 'java/net/SocketTimeoutException'{0x0000000707ece970}: Read timed out> (0x0000000707ece970) thrown at [t:/workspace/open/src/hotspot/share/prims/jni.cpp, line 636]
Event: 3.141 Thread 0x0000025b8bed1000 Exception <a 'java/net/SocketTimeoutException'{0x0000000707ee5b90}: Read timed out> (0x0000000707ee5b90) thrown at [t:/workspace/open/src/hotspot/share/prims/jni.cpp, line 636]
Event: 77.630 Thread 0x0000025b8bed1000 Exception <a 'java/lang/NoSuchMethodError'{0x000000071003de08}: java.lang.invoke.DirectMethodHandle$Holder.invokeVirtual(Ljava/lang/Object;Ljava/lang/Object;)V> (0x000000071003de08) thrown at [t:/workspace/open/src/hotspot/share/interpreter/linkResolver.c

Events (10 events):
Event: 77.632 loading class com/aventstack/extentreports/model/Log
Event: 77.632 loading class com/aventstack/extentreports/model/Log done
Event: 77.632 loading class org/apache/logging/log4j/message/ReusableSimpleMessage
Event: 77.632 loading class org/apache/logging/log4j/message/ReusableSimpleMessage done
Event: 77.634 loading class org/apache/logging/log4j/message/ReusableMessage
Event: 77.634 loading class org/apache/logging/log4j/message/ReusableMessage done
Event: 77.634 loading class org/apache/logging/log4j/message/ParameterVisitable
Event: 77.634 loading class org/apache/logging/log4j/message/ParameterVisitable done
Event: 77.634 loading class org/apache/logging/log4j/message/Clearable
Event: 77.634 loading class org/apache/logging/log4j/message/Clearable done


Dynamic libraries:
0x00007ff67d4b0000 - 0x00007ff67d4bf000 	C:\Users\gresetty\OneDrive - Publicis Groupe\Documents\jdk-12.0.1\bin\javaw.exe
0x00007fff9df10000 - 0x00007fff9e127000 	C:\WINDOWS\SYSTEM32\ntdll.dll
0x00007fff9dbf0000 - 0x00007fff9dcb4000 	C:\WINDOWS\System32\KERNEL32.DLL
0x00007fff9b240000 - 0x00007fff9b5ed000 	C:\WINDOWS\System32\KERNELBASE.dll
0x00007fff9b9e0000 - 0x00007fff9baf1000 	C:\WINDOWS\System32\ucrtbase.dll
0x00007fff8dbe0000 - 0x00007fff8dbf6000 	C:\Users\gresetty\OneDrive - Publicis Groupe\Documents\jdk-12.0.1\bin\VCRUNTIME140.dll
0x00007fff85350000 - 0x00007fff85368000 	C:\Users\gresetty\OneDrive - Publicis Groupe\Documents\jdk-12.0.1\bin\jli.dll
0x00007fff9dab0000 - 0x00007fff9db62000 	C:\WINDOWS\System32\ADVAPI32.dll
0x00007fff9c600000 - 0x00007fff9c6a7000 	C:\WINDOWS\System32\msvcrt.dll
0x00007fff9c6d0000 - 0x00007fff9c779000 	C:\WINDOWS\System32\sechost.dll
0x00007fff9bc20000 - 0x00007fff9bc48000 	C:\WINDOWS\System32\bcrypt.dll
0x00007fff9dcc0000 - 0x00007fff9ddd4000 	C:\WINDOWS\System32\RPCRT4.dll
0x00007fff9c060000 - 0x00007fff9c20e000 	C:\WINDOWS\System32\USER32.dll
0x00007fff9b9b0000 - 0x00007fff9b9d6000 	C:\WINDOWS\System32\win32u.dll
0x00007fff79810000 - 0x00007fff79aa3000 	C:\WINDOWS\WinSxS\amd64_microsoft.windows.common-controls_6595b64144ccf1df_6.0.22621.3672_none_2713b9d173822955\COMCTL32.dll
0x00007fff9c780000 - 0x00007fff9c7a9000 	C:\WINDOWS\System32\GDI32.dll
0x00007fff9bb00000 - 0x00007fff9bc19000 	C:\WINDOWS\System32\gdi32full.dll
0x00007fff9b910000 - 0x00007fff9b9aa000 	C:\WINDOWS\System32\msvcp_win.dll
0x00007fff8ac90000 - 0x00007fff8ac9a000 	C:\WINDOWS\SYSTEM32\VERSION.dll
0x00007fff9ca40000 - 0x00007fff9ca71000 	C:\WINDOWS\System32\IMM32.DLL
0x0000025b8a650000 - 0x0000025b8a664000 	C:\WINDOWS\System32\umppc18514.dll
0x0000025b8a690000 - 0x0000025b8a6a2000 	C:\WINDOWS\System32\CsXumd64_18514.dll
0x00007fff5f270000 - 0x00007fff5f31a000 	C:\Users\gresetty\OneDrive - Publicis Groupe\Documents\jdk-12.0.1\bin\msvcp140.dll
0x00007ffeff370000 - 0x00007ffeffee4000 	C:\Users\gresetty\OneDrive - Publicis Groupe\Documents\jdk-12.0.1\bin\server\jvm.dll
0x00007fff9c870000 - 0x00007fff9c878000 	C:\WINDOWS\System32\PSAPI.DLL
0x00007fff7cc20000 - 0x00007fff7cc29000 	C:\WINDOWS\SYSTEM32\WSOCK32.dll
0x00007fff9db70000 - 0x00007fff9dbe1000 	C:\WINDOWS\System32\WS2_32.dll
0x00007fff8fc80000 - 0x00007fff8fcb4000 	C:\WINDOWS\SYSTEM32\WINMM.dll
0x00007fff9a180000 - 0x00007fff9a198000 	C:\WINDOWS\SYSTEM32\kernel.appcore.dll
0x00007fff84bb0000 - 0x00007fff84bc1000 	C:\Users\gresetty\OneDrive - Publicis Groupe\Documents\jdk-12.0.1\bin\verify.dll
0x00007fff98960000 - 0x00007fff98b92000 	C:\WINDOWS\SYSTEM32\DBGHELP.DLL
0x00007fff9bc50000 - 0x00007fff9bfd8000 	C:\WINDOWS\System32\combase.dll
0x00007fff9ddf0000 - 0x00007fff9dec7000 	C:\WINDOWS\System32\OLEAUT32.dll
0x00007fff8ed50000 - 0x00007fff8ed82000 	C:\WINDOWS\SYSTEM32\dbgcore.DLL
0x00007fff9b6b0000 - 0x00007fff9b72b000 	C:\WINDOWS\System32\bcryptPrimitives.dll
0x00007fff837e0000 - 0x00007fff83806000 	C:\Users\gresetty\OneDrive - Publicis Groupe\Documents\jdk-12.0.1\bin\java.dll
0x00007fff7cbe0000 - 0x00007fff7cc18000 	C:\Users\gresetty\OneDrive - Publicis Groupe\Documents\jdk-12.0.1\bin\jdwp.dll
0x00007fff84130000 - 0x00007fff84147000 	C:\Users\gresetty\OneDrive - Publicis Groupe\Documents\jdk-12.0.1\bin\zip.dll
0x00007fff926d0000 - 0x00007fff926da000 	C:\Users\gresetty\OneDrive - Publicis Groupe\Documents\jdk-12.0.1\bin\jimage.dll
0x00007fff9cdd0000 - 0x00007fff9d62f000 	C:\WINDOWS\System32\SHELL32.dll
0x00007fff98ec0000 - 0x00007fff997bc000 	C:\WINDOWS\SYSTEM32\windows.storage.dll
0x00007fff98d80000 - 0x00007fff98ebf000 	C:\WINDOWS\SYSTEM32\wintypes.dll
0x00007fff9c210000 - 0x00007fff9c304000 	C:\WINDOWS\System32\SHCORE.dll
0x00007fff9c810000 - 0x00007fff9c86e000 	C:\WINDOWS\System32\shlwapi.dll
0x00007fff9b170000 - 0x00007fff9b191000 	C:\WINDOWS\SYSTEM32\profapi.dll
0x00007fff8fba0000 - 0x00007fff8fbaa000 	C:\Users\gresetty\OneDrive - Publicis Groupe\Documents\jdk-12.0.1\bin\dt_socket.dll
0x00007fff9a730000 - 0x00007fff9a799000 	C:\WINDOWS\System32\mswsock.dll
0x00007fff99a40000 - 0x00007fff99b38000 	C:\WINDOWS\SYSTEM32\DNSAPI.dll
0x00007fff99a10000 - 0x00007fff99a3d000 	C:\WINDOWS\SYSTEM32\IPHLPAPI.DLL
0x00007fff9c7b0000 - 0x00007fff9c7b9000 	C:\WINDOWS\System32\NSI.dll
0x00007fff93a50000 - 0x00007fff93ad3000 	C:\WINDOWS\System32\fwpuclnt.dll
0x00007fff92730000 - 0x00007fff9273a000 	C:\Windows\System32\rasadhlp.dll
0x00007fff83770000 - 0x00007fff83789000 	C:\Users\gresetty\OneDrive - Publicis Groupe\Documents\jdk-12.0.1\bin\net.dll
0x00007fff9a1a0000 - 0x00007fff9a2d6000 	C:\WINDOWS\SYSTEM32\WINHTTP.dll
0x00007fff8b0b0000 - 0x00007fff8b2a0000 	C:\WINDOWS\SYSTEM32\urlmon.dll
0x00007fff8c020000 - 0x00007fff8c2de000 	C:\WINDOWS\SYSTEM32\iertutil.dll
0x00007fff99d20000 - 0x00007fff99d48000 	C:\WINDOWS\SYSTEM32\srvcli.dll
0x00007fff99d50000 - 0x00007fff99d5c000 	C:\WINDOWS\SYSTEM32\netutils.dll
0x00007fff7ccf0000 - 0x00007fff7cd03000 	C:\Users\gresetty\OneDrive - Publicis Groupe\Documents\jdk-12.0.1\bin\nio.dll
0x00007fff9a9a0000 - 0x00007fff9a9bb000 	C:\WINDOWS\SYSTEM32\CRYPTSP.dll
0x00007fff9a0e0000 - 0x00007fff9a115000 	C:\WINDOWS\system32\rsaenh.dll
0x00007fff9a830000 - 0x00007fff9a858000 	C:\WINDOWS\SYSTEM32\USERENV.dll
0x00007fff9a990000 - 0x00007fff9a99c000 	C:\WINDOWS\SYSTEM32\CRYPTBASE.dll
0x00007fff93eb0000 - 0x00007fff93ec9000 	C:\WINDOWS\SYSTEM32\dhcpcsvc6.DLL
0x00007fff93980000 - 0x00007fff9399f000 	C:\WINDOWS\SYSTEM32\dhcpcsvc.DLL
0x00007fff8e330000 - 0x00007fff8e339000 	C:\Users\gresetty\OneDrive - Publicis Groupe\Documents\jdk-12.0.1\bin\management.dll
0x00007fff8e2d0000 - 0x00007fff8e2dc000 	C:\Users\gresetty\OneDrive - Publicis Groupe\Documents\jdk-12.0.1\bin\management_ext.dll
0x00007fff7c0b0000 - 0x00007fff7c0c7000 	C:\WINDOWS\system32\napinsp.dll
0x00007fff7c090000 - 0x00007fff7c0ab000 	C:\WINDOWS\system32\pnrpnsp.dll
0x00007fff7bdb0000 - 0x00007fff7bdc1000 	C:\WINDOWS\System32\winrnr.dll
0x00007fff8fbe0000 - 0x00007fff8fbf5000 	C:\WINDOWS\system32\wshbth.dll
0x00007fff7bd80000 - 0x00007fff7bda7000 	C:\WINDOWS\system32\nlansp_c.dll
0x00007fff71fd0000 - 0x00007fff71ff7000 	C:\Users\gresetty\OneDrive - Publicis Groupe\Documents\jdk-12.0.1\bin\sunec.dll
0x00007fff8df50000 - 0x00007fff8df5e000 	C:\Users\gresetty\OneDrive - Publicis Groupe\Documents\jdk-12.0.1\bin\sunmscapi.dll
0x00007fff9b7a0000 - 0x00007fff9b907000 	C:\WINDOWS\System32\CRYPT32.dll
0x00007fff9ab00000 - 0x00007fff9ab2e000 	C:\WINDOWS\SYSTEM32\ncrypt.dll
0x00007fff9aac0000 - 0x00007fff9aaf7000 	C:\WINDOWS\SYSTEM32\NTASN1.dll

dbghelp: loaded successfully - version: 4.0.5 - missing functions: none
symbol engine: initialized successfully - sym options: 0x614 - pdb path: .;C:\Users\gresetty\OneDrive - Publicis Groupe\Documents\jdk-12.0.1\bin;C:\WINDOWS\SYSTEM32;C:\WINDOWS\WinSxS\amd64_microsoft.windows.common-controls_6595b64144ccf1df_6.0.22621.3672_none_2713b9d173822955;C:\Users\gresetty\OneDrive - Publicis Groupe\Documents\jdk-12.0.1\bin\server

VM Arguments:
jvm_args: -agentlib:jdwp=transport=dt_socket,suspend=y,address=localhost:50405 -ea -Dfile.encoding=Cp1252 
java_command: org.testng.remote.RemoteTestNG -serport 50401 -protocol json -d C:\Users\gresetty\git\ErrorProne\SampleProject\test-output C:\Users\gresetty\AppData\Local\Temp\testng-eclipse--38875127\testng-customsuite.xml
java_class_path (initial): C:\Users\gresetty\Documents\POC\eclipse\configuration\org.eclipse.osgi\2076\0\.cp\lib\testng-remote.jar;C:\Users\gresetty\git\ErrorProne\SampleProject\target\test-classes;C:\Users\gresetty\git\ErrorProne\SampleProject\target\classes;C:\Users\gresetty\.m2\repository\org\json\json\20210307\json-20210307.jar;C:\Users\gresetty\.m2\repository\io\github\bonigarcia\webdrivermanager\5.0.3\webdrivermanager-5.0.3.jar;C:\Users\gresetty\.m2\repository\org\slf4j\slf4j-api\1.7.32\slf4j-api-1.7.32.jar;C:\Users\gresetty\.m2\repository\com\google\code\gson\gson\2.8.8\gson-2.8.8.jar;C:\Users\gresetty\.m2\repository\org\jsoup\jsoup\1.14.2\jsoup-1.14.2.jar;C:\Users\gresetty\.m2\repository\com\github\docker-java\docker-java\3.2.12\docker-java-3.2.12.jar;C:\Users\gresetty\.m2\repository\com\github\docker-java\docker-java-core\3.2.12\docker-java-core-3.2.12.jar;C:\Users\gresetty\.m2\repository\com\github\docker-java\docker-java-api\3.2.12\docker-java-api-3.2.12.jar;C:\Users\gresetty\.m2\repository\com\fasterxml\jackson\core\jackson-annotations\2.10.3\jackson-annotations-2.10.3.jar;C:\Users\gresetty\.m2\repository\commons-lang\commons-lang\2.6\commons-lang-2.6.jar;C:\Users\gresetty\.m2\repository\com\fasterxml\jackson\core\jackson-databind\2.10.3\jackson-databind-2.10.3.jar;C:\Users\gresetty\.m2\repository\com\fasterxml\jackson\core\jackson-core\2.10.3\jackson-core-2.10.3.jar;C:\Users\gresetty\.m2\repository\org\bouncycastle\bcpkix-jdk15on\1.64\bcpkix-jdk15on-1.64.jar;C:\Users\gresetty\.m2\repository\org\bouncycastle\bcprov-jdk15on\1.64\bcprov-jdk15on-1.64.jar;C:\Users\gresetty\.m2\repository\org\slf4j\jcl-over-slf4j\1.7.30\jcl-over-slf4j-1.7.30.jar;C:\Users\gresetty\.m2\repository\com\github\docker-java\docker-java-transport-httpclient5\3.2.12\docker-java-transport-httpclient5-3.2.12.jar;C:\Users\gresetty\.m2\repository\com\github\docker-java\docker-java-transport\3.2.12\docker-java-transport-3.2.12.jar;C:\Users\gresetty\.m2\repository\org\apache\httpcomponent
Launcher Type: SUN_STANDARD

[Global flags]
     intx CICompilerCount                          = 4                                         {product} {ergonomic}
     uint ConcGCThreads                            = 3                                         {product} {ergonomic}
     uint G1ConcRefinementThreads                  = 10                                        {product} {ergonomic}
   size_t G1HeapRegionSize                         = 1048576                                   {product} {ergonomic}
    uintx GCDrainStackTargetSize                   = 64                                        {product} {ergonomic}
   size_t InitialHeapSize                          = 264241152                                 {product} {ergonomic}
   size_t MarkStackSize                            = 4194304                                   {product} {ergonomic}
   size_t MaxHeapSize                              = 4200595456                                {product} {ergonomic}
   size_t MaxNewSize                               = 2519728128                                {product} {ergonomic}
   size_t MinHeapDeltaBytes                        = 1048576                                   {product} {ergonomic}
    uintx NonNMethodCodeHeapSize                   = 5836300                                {pd product} {ergonomic}
    uintx NonProfiledCodeHeapSize                  = 122910970                              {pd product} {ergonomic}
    uintx ProfiledCodeHeapSize                     = 122910970                              {pd product} {ergonomic}
    uintx ReservedCodeCacheSize                    = 251658240                              {pd product} {ergonomic}
     bool SegmentedCodeCache                       = true                                      {product} {ergonomic}
     bool UseCompressedClassPointers               = true                                 {lp64_product} {ergonomic}
     bool UseCompressedOops                        = true                                 {lp64_product} {ergonomic}
     bool UseG1GC                                  = true                                      {product} {ergonomic}
     bool UseLargePagesIndividualAllocation        = false                                  {pd product} {ergonomic}

Logging:
Log output configuration:
 #0: stdout all=warning uptime,level,tags
 #1: stderr all=off uptime,level,tags

Environment Variables:
JAVA_HOME=C:\Users\gresetty\Documents\POC\eclipse\Java\jdk-12.0.1_windows-x64_bin\jdk-12.0.1
PATH=C:\WINDOWS\CCM\;C:/Users/gresetty/Documents/POC/eclipse//Java/jre1.8.0_152/jre1.8.0_152/bin/server;C:/Users/gresetty/Documents/POC/eclipse//Java/jre1.8.0_152/jre1.8.0_152/bin;C:/Users/gresetty/Documents/POC/eclipse//Java/jre1.8.0_152/jre1.8.0_152/lib/amd64;C:\WINDOWS\system32;C:\WINDOWS;C:\WINDOWS\System32\Wbem;C:\WINDOWS\System32\WindowsPowerShell\v1.0\;C:\WINDOWS\System32\OpenSSH\;C:\Program Files (x86)\CheckPoint\Endpoint Security\Endpoint Common\bin;C:\Program Files (x86)\Box\Box Edit\;C:\Program Files\dotnet\;C:\Program Files\WindowsPowerShell\Scripts\HP.ClientScriptLibrary;C:\Program Files\Microsoft SQL Server\150\Tools\Binn\;C:\Program Files\Microsoft SQL Server\Client SDK\ODBC\170\Tools\Binn\;%JAVA_HOME%\bin;%ANDROID_HOME%\platform-tools;C:\Users\gresetty\Anaconda3;C:\Users\gresetty\Anaconda3\Library\mingw-w64\bin;C:\Users\gresetty\Anaconda3\Library\usr\bin;C:\Users\gresetty\Anaconda3\Library\bin;C:\Users\gresetty\Anaconda3\Scripts;C:\Users\gresetty\AppData\Local\Programs\Python\Launcher\;C:\Users\gresetty\AppData\Local\Microsoft\WindowsApps;C:\Users\gresetty\Documents\POC\eclipse\Java\jdk-12.0.1_windows-x64_bin\jdk-12.0.1\bin;C:\Users\gresetty\Documents\allure-2.26.0\bin;C:\Users\gresetty\AppData\Local\Google\Chrome\Application;C:\Users\gresetty\Documents\Python\PyCharm 2023.3.3\bin;;C:\Users\gresetty\Documents\Python\PyCharm Community Edition 2023.3.3\bin;;C:\Users\gresetty\Documents\POC\eclipse;
USERNAME=gresetty
OS=Windows_NT
PROCESSOR_IDENTIFIER=Intel64 Family 6 Model 154 Stepping 4, GenuineIntel



---------------  S Y S T E M  ---------------

OS: Windows 10 , 64 bit Build 22621 (10.0.22621.3672)

CPU:total 12 (initial active 12) (6 cores per cpu, 2 threads per core) family 6 model 154 stepping 4, cmov, cx8, fxsr, mmx, sse, sse2, sse3, ssse3, sse4.1, sse4.2, popcnt, avx, avx2, aes, clmul, erms, 3dnowpref, lzcnt, ht, tsc, tscinvbit, bmi1, bmi2, adx, sha, fma

Memory: 4k page, system-wide physical 16016M (1758M free)
TotalPageFile size 45955M (AvailPageFile size 21768M)
current process WorkingSet (physical memory assigned to process): 127M, peak: 184M
current process commit charge ("private bytes"): 189M, peak: 400M

vm_info: Java HotSpot(TM) 64-Bit Server VM (12.0.1+12) for windows-amd64 JRE (12.0.1+12), built on Apr  2 2019 14:02:19 by "mach5one" with MS VC++ 15.5 (VS2017)

END.
